<?xml version="1.0" encoding="UTF-8"?>
<testsuite name="com.isitempty.IsitemptyApplicationTests" tests="1" skipped="0" failures="0" errors="0" timestamp="2025-04-06T03:59:49.364Z" hostname="DESKTOP-B1KCPJL" time="0.439">
  <properties/>
  <testcase name="contextLoads()" classname="com.isitempty.IsitemptyApplicationTests" time="0.439"/>
  <system-out><![CDATA[
  .   ____          _            __ _ _
 /\\ / ___'_ __ _ _(_)_ __  __ _ \ \ \ \
( ( )\___ | '_ | '_| | '_ \/ _` | \ \ \ \
 \\/  ___)| |_)| | | | | || (_| |  ) ) ) )
  '  |____| .__|_| |_|_| |_\__, | / / / /
 =========|_|==============|___/=/_/_/_/

 :: Spring Boot ::                (v3.4.4)

2025-04-06T12:59:45.708+09:00  INFO 9048 --- [    Test worker] c.isitempty.IsitemptyApplicationTests    : Starting IsitemptyApplicationTests using Java 17.0.12 with PID 9048 (started by dietk in C:\Users\dietk\Desktop\isitempty-backend\backend)
2025-04-06T12:59:45.711+09:00  INFO 9048 --- [    Test worker] c.isitempty.IsitemptyApplicationTests    : The following 1 profile is active: "test"
2025-04-06T12:59:46.345+09:00  INFO 9048 --- [    Test worker] .s.d.r.c.RepositoryConfigurationDelegate : Bootstrapping Spring Data JPA repositories in DEFAULT mode.
2025-04-06T12:59:46.408+09:00  INFO 9048 --- [    Test worker] .s.d.r.c.RepositoryConfigurationDelegate : Finished Spring Data repository scanning in 53 ms. Found 1 JPA repository interface.
2025-04-06T12:59:46.746+09:00  INFO 9048 --- [    Test worker] o.hibernate.jpa.internal.util.LogHelper  : HHH000204: Processing PersistenceUnitInfo [name: default]
2025-04-06T12:59:46.847+09:00  INFO 9048 --- [    Test worker] org.hibernate.Version                    : HHH000412: Hibernate ORM core version 6.6.11.Final
2025-04-06T12:59:46.903+09:00  INFO 9048 --- [    Test worker] o.h.c.internal.RegionFactoryInitiator    : HHH000026: Second-level cache disabled
2025-04-06T12:59:47.282+09:00  INFO 9048 --- [    Test worker] o.s.o.j.p.SpringPersistenceUnitInfo      : No LoadTimeWeaver setup: ignoring JPA class transformer
2025-04-06T12:59:47.330+09:00  INFO 9048 --- [    Test worker] com.zaxxer.hikari.HikariDataSource       : HikariPool-1 - Starting...
2025-04-06T12:59:47.541+09:00  INFO 9048 --- [    Test worker] com.zaxxer.hikari.pool.HikariPool        : HikariPool-1 - Added connection conn0: url=jdbc:h2:mem:testdb user=SA
2025-04-06T12:59:47.543+09:00  INFO 9048 --- [    Test worker] com.zaxxer.hikari.HikariDataSource       : HikariPool-1 - Start completed.
2025-04-06T12:59:47.569+09:00  WARN 9048 --- [    Test worker] org.hibernate.orm.deprecation            : HHH90000025: H2Dialect does not need to be specified explicitly using 'hibernate.dialect' (remove the property setting and it will be selected by default)
2025-04-06T12:59:47.594+09:00  INFO 9048 --- [    Test worker] org.hibernate.orm.connections.pooling    : HHH10001005: Database info:
	Database JDBC URL [Connecting through datasource 'HikariDataSource (HikariPool-1)']
	Database driver: undefined/unknown
	Database version: 2.3.232
	Autocommit mode: undefined/unknown
	Isolation level: undefined/unknown
	Minimum pool size: undefined/unknown
	Maximum pool size: undefined/unknown
2025-04-06T12:59:48.491+09:00  INFO 9048 --- [    Test worker] o.h.e.t.j.p.i.JtaPlatformInitiator       : HHH000489: No JTA platform available (set 'hibernate.transaction.jta.platform' to enable JTA platform integration)
2025-04-06T12:59:48.513+09:00 DEBUG 9048 --- [    Test worker] org.hibernate.SQL                        : drop table if exists parking_lots cascade 
Hibernate: drop table if exists parking_lots cascade 
2025-04-06T12:59:48.521+09:00 DEBUG 9048 --- [    Test worker] org.hibernate.SQL                        : create table parking_lots (available_spaces integer not null, hourly_rate float(53), is_open boolean not null, latitude float(53), longitude float(53), total_spaces integer not null, id bigint generated by default as identity, last_updated timestamp(6) not null, address varchar(255) not null, description varchar(255), name varchar(255) not null, primary key (id))
Hibernate: create table parking_lots (available_spaces integer not null, hourly_rate float(53), is_open boolean not null, latitude float(53), longitude float(53), total_spaces integer not null, id bigint generated by default as identity, last_updated timestamp(6) not null, address varchar(255) not null, description varchar(255), name varchar(255) not null, primary key (id))
2025-04-06T12:59:48.534+09:00  INFO 9048 --- [    Test worker] j.LocalContainerEntityManagerFactoryBean : Initialized JPA EntityManagerFactory for persistence unit 'default'
2025-04-06T12:59:48.780+09:00  INFO 9048 --- [    Test worker] o.s.d.j.r.query.QueryEnhancerFactory     : Hibernate is in classpath; If applicable, HQL parser will be used.
2025-04-06T12:59:48.990+09:00  WARN 9048 --- [    Test worker] JpaBaseConfiguration$JpaWebConfiguration : spring.jpa.open-in-view is enabled by default. Therefore, database queries may be performed during view rendering. Explicitly configure spring.jpa.open-in-view to disable this warning
2025-04-06T12:59:49.349+09:00  INFO 9048 --- [    Test worker] c.isitempty.IsitemptyApplicationTests    : Started IsitemptyApplicationTests in 3.941 seconds (process running for 5.104)
]]></system-out>
  <system-err><![CDATA[]]></system-err>
</testsuite>
